<?xml version="1.0" encoding="UTF-8"?>
<!-- Generated by org.testng.reporters.JUnitReportReporter -->
<testsuite skipped="0" hostname="Rishab" name="qaclickacademy.AppiumTest" tests="2" failures="0" timestamp="29 May 2019 19:45:35 GMT" time="0.016" errors="0">
  <testcase name="IOSApps" time="0.015" classname="qaclickacademy.AppiumTest"/>
  <testcase name="postJira" time="0.001" classname="qaclickacademy.AppiumTest"/>
</testsuite> <!-- qaclickacademy.AppiumTest -->
